<?xml version="1.0" encoding="UTF-8"?>
<!-- Generated by org.testng.reporters.JUnitReportReporter -->
<testsuite hostname="DESKTOP-KJC6B92" name="tests1.EditPassTest" tests="1" failures="0" timestamp="20 Nov 2023 12:02:42 GMT" time="7.734" errors="0">
  <testcase name="performEditPassTest" time="7.734" classname="tests1.EditPassTest"/>
</testsuite> <!-- tests1.EditPassTest -->
