<?xml version="1.0" encoding="UTF-8"?>
<!-- Generated by org.testng.reporters.JUnitReportReporter -->
<testsuite hostname="DESKTOP-KJC6B92" name="tests1.EditAddrTest" tests="1" failures="0" timestamp="20 Nov 2023 12:02:42 GMT" time="8.382" errors="0">
  <testcase name="performEditAddrTest" time="8.382" classname="tests1.EditAddrTest"/>
</testsuite> <!-- tests1.EditAddrTest -->
